<?xml version="1.0" encoding="UTF-8"?>
<Site BuildName="Darwin-aarch64-apple-darwin22-g++-13"
	BuildStamp="20231028-0113-Experimental"
	Name="MacBook-Pro-4.local"
	Generator="ctest-3.26.4"
	CompilerName="/opt/homebrew/bin/aarch64-apple-darwin22-g++-13"
	CompilerVersion="13.1.0"
	OSName="macOS"
	Hostname="MacBook-Pro-4.local"
	OSRelease="13.2.1"
	OSVersion="22D68"
	OSPlatform="arm64"
	Is64Bits="1"
	VendorString="IBM"
	VendorID="IBM"
	FamilyID="16777228"
	ModelID="2"
	ProcessorCacheSize="131072"
	NumberOfLogicalCPU="12"
	NumberOfPhysicalCPU="12"
	TotalVirtualMemory="11264"
	TotalPhysicalMemory="16384"
	LogicalProcessorsPerPhysical="12"
	ProcessorClockFrequency="0"
	>
	<Testing>
		<StartDateTime>Oct 27 20:30 CDT</StartDateTime>
		<StartTestTime>1698456602</StartTestTime>
		<TestList/>
		<EndDateTime>Oct 27 20:30 CDT</EndDateTime>
		<EndTestTime>1698456602</EndTestTime>
		<ElapsedMinutes>0</ElapsedMinutes>
	</Testing>
</Site>
