<?xml version="1.0" encoding="UTF-8"?>
<Site BuildName="Darwin-aarch64-apple-darwin22-g++-13"
	BuildStamp="20231026-0120-Experimental"
	Name="MacBook-Pro-4.local"
	Generator="ctest-3.26.4"
	CompilerName="/opt/homebrew/bin/aarch64-apple-darwin22-g++-13"
	CompilerVersion="13.1.0"
	OSName="macOS"
	Hostname="MacBook-Pro-4.local"
	OSRelease="13.2.1"
	OSVersion="22D68"
	OSPlatform="arm64"
	Is64Bits="1"
	VendorString="IBM"
	VendorID="IBM"
	FamilyID="16777228"
	ModelID="2"
	ProcessorCacheSize="131072"
	NumberOfLogicalCPU="12"
	NumberOfPhysicalCPU="12"
	TotalVirtualMemory="7168"
	TotalPhysicalMemory="16384"
	LogicalProcessorsPerPhysical="12"
	ProcessorClockFrequency="0"
	>
	<Testing>
		<StartDateTime>Oct 25 20:32 CDT</StartDateTime>
		<StartTestTime>1698283966</StartTestTime>
		<TestList>
			<Test>./TestList</Test>
		</TestList>
		<Test Status="notrun">
			<Name>TestList</Name>
			<Path>.</Path>
			<FullName>./TestList</FullName>
			<FullCommandLine></FullCommandLine>
			<Results>
				<NamedMeasurement type="numeric/double" name="Processors">
					<Value>1</Value>
				</NamedMeasurement>
				<NamedMeasurement type="text/string" name="Completion Status">
					<Value>Unable to find executable</Value>
				</NamedMeasurement>
				<NamedMeasurement type="text/string" name="Command Line">
					<Value></Value>
				</NamedMeasurement>
				<NamedMeasurement type="text/string" name="Environment">
					<Value></Value>
				</NamedMeasurement>
				<Measurement>
					<Value>Unable to find executable: /Users/zma/Documents/GitHub/common-curriculum-selector/build/tests_list</Value>
				</Measurement>
			</Results>
		</Test>
		<EndDateTime>Oct 25 20:32 CDT</EndDateTime>
		<EndTestTime>1698283966</EndTestTime>
		<ElapsedMinutes>0</ElapsedMinutes>
	</Testing>
</Site>
